2.0.1
  NumNodes: 2708
  NumEdges: 10556
  NumFeats: 1433
  NumClasses: 7
  NumTrainingSamples: 140
  NumValidationSamples: 500
  NumTestSamples: 1000
Done loading data from cached files.
Client ID 0 has 1672 core nodes.
Client ID 1 has 106 core nodes.
Client ID 2 has 930 core nodes.
Client 0 has total 2586 nodes
Client 1 has total 403 nodes
Client 2 has total 2195 nodes
Starting pre-train communication!

0
1
2
3
4
5
6
7
8
9
10
11
12
13
14
15
16
17
18
19
20
21
22
23
24
25
26
27
28
29
30
31
32
33
34
35
36
37
38
39
40
41
42
43
44
45
46
47
48
49
50
51
52
53
54
55
56
57
58
59
60
61
62
63
64
65
66
67
68
69
70
71
72
73
74
75
76
77
78
79
80
81
82
83
84
85
86
87
88
89
90
91
92
93
94
95
96
97
98
99
100
101
102
103
104
105
106
107
108
109
110
111
112
113
114
115
116
117
118
119
120
121
122
123
124
125
126
127
128
129
130
131
132
133
134
135
136
137
138
139
140
141
142
143
144
145
146
147
148
149
150
151
152
153
154
155
156
157
158
159
160
161
162
163
164
165
166
167
168
169
170
171
172
173
174
175
176
177
178
179
180
181
182
183
184
185
186
187
188
189
190
191
192
193
194
195
196
197
198
199
200
201
202
203
204
205
206
207
208
209
210
211
212
213
214
215
216
217
218
219
220
221
222
223
224
225
226
227
228
229
230
231
232
233
234
235
236
237
238
239
240
241
242
243
244
245
246
247
248
249
250
251
252
253
254
255
256
257
258
259
260
261
262
263
264
265
266
267
268
269
270
271
272
273
274
275
276
277
278
279
280
281
282
283
284
285
286
287
288
289
290
291
292
293
294
295
296
297
298
299
300
301
302
303
304
305
306
307
308
309
310
311
312
313
314
315
316
317
318
319
320
321
322
323
324
325
326
327
328
329
330
331
332
333
334
335
336
337
338
339
340
341
342
343
344
345
346
347
348
349
350
351
352
353
354
355
356
357
358
359
360
361
362
363
364
365
366
367
368
369
370
371
372
373
374
375
376
377
378
379
380
381
382
383
384
385
386
387
388
389
390
391
392
393
394
395
396
397
398
399
400
401
402
403
404
405
406
407
408
409
410
411
412
413
414
415
416
417
418
419
420
421
422
423
424
425
426
427
428
429
430
431
432
433
434
435
436
437
438
439
440
441
442
443
444
445
446
447
448
449
450
451
452
453
454
455
456
457
458
459
460
461
462
463
464
465
466
467
468
469
470
471
472
473
474
475
476
477
478
479
480
481
482
483
484
485
486
487
488
489
490
491
492
493
494
495
496
497
498
499
500
501
502
503
504
505
506
507
508
509
510
511
512
513
514
515
516
517
518
519
520
521
522
523
524
525
526
527
528
529
530
531
532
533
534
535
536
537
538
539
540
541
542
543
544
545
546
547
548
549
550
551
552
553
554
555
556
557
558
559
560
561
562
563
564
565
566
567
568
569
570
571
572
573
574
575
576
577
578
579
580
581
582
583
584
585
586
587
588
589
590
591
592
593
594
595
596
597
598
599
600
601
602
603
604
605
606
607
608
609
610
611
612
613
614
615
616
617
618
619
620
621
622
623
624
625
626
627
628
629
630
631
632
633
634
635
636
637
638
639
640
641
642
643
644
645
646
647
648
649
650
651
652
653
654
655
656
657
658
659
660
661
662
663
664
665
666
667
668
669
670
671
672
673
674
675
676
677
678
679
680
681
682
683
684
685
686
687
688
689
690
691
692
693
694
695
696
697
698
699
700
701
702
703
704
705
706
707
708
709
710
711
712
713
714
715
716
717
718
719
720
721
722
723
724
725
726
727
728
729
730
731
732
733
734
735
736
737
738
739
740
741
742
743
744
745
746
747
748
749
750
751
752
753
754
755
756
757
758
759
760
761
762
763
764
765
766
767
768
769
770
771
772
773
774
775
776
777
778
779
780
781
782
783
784
785
786
787
788
789
790
791
792
793
794
795
796
797
798
799
800
801
802
803
804
805
806
807
808
809
810
811
812
813
814
815
816
817
818
819
820
821
822
823
824
825
826
827
828
829
830
831
832
833
834
835
836
837
838
839
840
841
842
843
844
845
846
847
848
849
850
851
852
853
854
855
856
857
858
859
860
861
862
863
864
865
866
867
868
869
870
871
872
873
874
875
876
877
878
879
880
881
882
883
884
885
886
887
888
889
890
891
892
893
894
895
896
897
898
899
900
901
902
903
904
905
906
907
908
909
910
911
912
913
914
915
916
917
918
919
920
921
922
923
924
925
926
927
928
929
930
931
932
933
934
935
936
937
938
939
940
941
942
943
944
945
946
947
948
949
950
951
952
953
954
955
956
957
958
959
960
961
962
963
964
965
966
967
968
969
970
971
972
973
974
975
976
977
978
979
980
981
982
983
984
985
986
987
988
989
990
991
992
993
994
995
996
997
998
999
1000
1001
1002
1003
1004
1005
1006
1007
1008
1009
1010
1011
1012
1013
1014
1015
1016
1017
1018
1019
1020
1021
1022
1023
1024
1025
1026
1027
1028
1029
1030
1031
1032
1033
1034
1035
1036
1037
1038
1039
1040
1041
1042
1043
1044
1045
1046
1047
1048
1049
1050
1051
1052
1053
1054
1055
1056
1057
1058
1059
1060
1061
1062
1063
1064
1065
1066
1067
1068
1069
1070
1071
1072
1073
1074
1075
1076
1077
1078
1079
1080
1081
1082
1083
1084
1085
1086
1087
1088
1089
1090
1091
1092
1093
1094
1095
1096
1097
1098
1099
1100
1101
1102
1103
1104
1105
1106
1107
1108
1109
1110
1111
1112
1113
1114
1115
1116
1117
1118
1119
1120
1121
1122
1123
1124
1125
1126
1127
1128
1129
1130
1131
1132
1133
1134
1135
1136
1137
1138
1139
1140
1141
1142
1143
1144
1145
1146
1147
1148
1149
1150
1151
1152
1153
1154
1155
1156
1157
1158
1159
1160
1161
1162
1163
1164
1165
1166
1167
1168
1169
1170
1171
1172
1173
1174
1175
1176
1177
1178
1179
1180
1181
1182
1183
1184
1185
1186
1187
1188
1189
1190
1191
1192
1193
1194
1195
1196
1197
1198
1199
1200
1201
1202
1203
1204
1205
1206
1207
1208
1209
1210
1211
1212
1213
1214
1215
1216
1217
1218
1219
1220
1221
1222
1223
1224
1225
1226
1227
1228
1229
1230
1231
1232
1233
1234
1235
1236
1237
1238
1239
1240
1241
1242
1243
1244
1245
1246
1247
1248
1249
1250
1251
1252
1253
1254
1255
1256
1257
1258
1259
1260
1261
1262
1263
1264
1265
1266
1267
1268
1269
1270
1271
1272
1273
1274
1275
1276
1277
1278
1279
1280
1281
1282
1283
1284
1285
1286
1287
1288
1289
1290
1291
1292
1293
1294
1295
1296
1297
1298
1299
1300
1301
1302
1303
1304
1305
1306
1307
1308
1309
1310
1311
1312
1313
1314
1315
1316
1317
1318
1319
1320
1321
1322
1323
1324
1325
1326
1327
1328
1329
1330
1331
1332
1333
1334
1335
1336
1337
1338
1339
1340
1341
1342
1343
1344
1345
1346
1347
1348
1349
1350
1351
1352
1353
1354
1355
1356
1357
1358
1359
1360
1361
1362
1363
1364
1365
1366
1367
1368
1369
1370
1371
1372
1373
1374
1375
1376
1377
1378
1379
1380
1381
1382
1383
1384
1385
1386
1387
1388
1389
1390
1391
1392
1393
1394
1395
1396
1397
1398
1399
1400
1401
1402
1403
1404
1405
1406
1407
1408
1409
1410
1411
1412
1413
1414
1415
1416
1417
1418
1419
1420
1421
1422
1423
1424
1425
1426
1427
1428
1429
1430
1431
1432
1433
1434
1435
1436
1437
1438
1439
1440
1441
1442
1443
1444
1445
1446
1447
1448
1449
1450
1451
1452
1453
1454
1455
1456
1457
1458
1459
1460
1461
1462
1463
1464
1465
1466
1467
1468
1469
1470
1471
1472
1473
1474
1475
1476
1477
1478
1479
1480
1481
1482
1483
1484
1485
1486
1487
1488
1489
1490
1491
1492
1493
1494
1495
1496
1497
1498
1499
1500
1501
1502
1503
1504
1505
1506
1507
1508
1509
1510
1511
1512
1513
1514
1515
1516
1517
1518
1519
1520
1521
1522
1523
1524
1525
1526
1527
1528
1529
1530
1531
1532
1533
1534
1535
1536
1537
1538
1539
1540
1541
1542
1543
1544
1545
1546
1547
1548
1549
1550
1551
1552
1553
1554
1555
1556
1557
1558
1559
1560
1561
1562
1563
1564
1565
1566
1567
1568
1569
1570
1571
1572
1573
1574
1575
1576
1577
1578
1579
1580
1581
1582
1583
1584
1585
1586
1587
1588
1589
1590
1591
1592
1593
1594
1595
1596
1597
1598
1599
1600
1601
1602
1603
1604
1605
1606
1607
1608
1609
1610
1611
1612
1613
1614
1615
1616
1617
1618
1619
1620
1621
1622
1623
1624
1625
1626
1627
1628
1629
1630
1631
1632
1633
1634
1635
1636
1637
1638
1639
1640
1641
1642
1643
1644
1645
1646
1647
1648
1649
1650
1651
1652
1653
1654
1655
1656
1657
1658
1659
1660
1661
1662
1663
1664
1665
1666
1667
1668
1669
1670
1671
1672
1673
1674
1675
1676
1677
1678
1679
1680
1681
1682
1683
1684
1685
1686
1687
1688
1689
1690
1691
1692
1693
1694
1695
1696
1697
1698
1699
1700
1701
1702
1703
1704
1705
1706
1707
1708
1709
1710
1711
1712
1713
1714
1715
1716
1717
1718
1719
1720
1721
1722
1723
1724
1725
1726
1727
1728
1729
1730
1731
1732
1733
1734
1735
1736
1737
1738
1739
1740
1741
1742
1743
1744
1745
1746
1747
1748
1749
1750
1751
1752
1753
1754
1755
1756
1757
1758
1759
1760
1761
1762
1763
1764
1765
1766
1767
1768
1769
1770
1771
1772
1773
1774
1775
1776
1777
1778
1779
1780
1781
1782
1783
1784
1785
1786
1787
1788
1789
1790
1791
1792
1793
1794
1795
1796
1797
1798
1799
1800
1801
1802
1803
1804
1805
1806
1807
1808
1809
1810
1811
1812
1813
1814
1815
1816
1817
1818
1819
1820
1821
1822
1823
1824
1825
1826
1827
1828
1829
1830
1831
1832
1833
1834
1835
1836
1837
1838
1839
1840
1841
1842
1843
1844
1845
1846
1847
1848
1849
1850
1851
1852
1853
1854
1855
1856
1857
1858
1859
1860
1861
1862
1863
1864
1865
1866
1867
1868
1869
1870
1871
1872
1873
1874
1875
1876
1877
1878
1879
1880
1881
1882
1883
1884
1885
1886
1887
1888
1889
1890
1891
1892
1893
1894
1895
1896
1897
1898
1899
1900
1901
1902
1903
1904
1905
1906
1907
1908
1909
1910
1911
1912
1913
1914
1915
1916
1917
1918
1919
1920
1921
1922
1923
1924
1925
1926
1927
1928
1929
1930
1931
1932
1933
1934
1935
1936
1937
1938
1939
1940
1941
1942
1943
1944
1945
1946
1947
1948
1949
1950
1951
1952
1953
1954
1955
1956
1957
1958
1959
1960
1961
1962
1963
1964
1965
1966
1967
1968
1969
1970
1971
1972
1973
1974
1975
1976
1977
1978
1979
1980
1981
1982
1983
1984
1985
1986
1987
1988
1989
1990
1991
1992
1993
1994
1995
1996
1997
1998
1999
2000
2001
2002
2003
2004
2005
2006
2007
2008
2009
2010
2011
2012
2013
2014
2015
2016
2017
2018
2019
2020
2021
2022
2023
2024
2025
2026
2027
2028
2029
2030
2031
2032
2033
2034
2035
2036
2037
2038
2039
2040
2041
2042
2043
2044
2045
2046
2047
2048
2049
2050
2051
2052
2053
2054
2055
2056
2057
2058
2059
2060
2061
2062
2063
2064
2065
2066
2067
2068
2069
2070
2071
2072
2073
2074
2075
2076
2077
2078
2079
2080
2081
2082
2083
2084
2085
2086
2087
2088
2089
2090
2091
2092
2093
2094
2095
2096
2097
2098
2099
2100
2101
2102
2103
2104
2105
2106
2107
2108
2109
2110
2111
2112
2113
2114
2115
2116
2117
2118
2119
2120
2121
2122
2123
2124
2125
2126
2127
2128
2129
2130
2131
2132
2133
2134
2135
2136
2137
2138
2139
2140
2141
2142
2143
2144
2145
2146
2147
2148
2149
2150
2151
2152
2153
2154
2155
2156
2157
2158
2159
2160
2161
2162
2163
2164
2165
2166
2167
2168
2169
2170
2171
2172
2173
2174
2175
2176
2177
2178
2179
2180
2181
2182
2183
2184
2185
2186
2187
2188
2189
2190
2191
2192
2193
2194
2195
2196
2197
2198
2199
2200
2201
2202
2203
2204
2205
2206
2207
2208
2209
2210
2211
2212
2213
2214
2215
2216
2217
2218
2219
2220
2221
2222
2223
2224
2225
2226
2227
2228
2229
2230
2231
2232
2233
2234
2235
2236
2237
2238
2239
2240
2241
2242
2243
2244
2245
2246
2247
2248
2249
2250
2251
2252
2253
2254
2255
2256
2257
2258
2259
2260
2261
2262
2263
2264
2265
2266
2267
2268
2269
2270
2271
2272
2273
2274
2275
2276
2277
2278
2279
2280
2281
2282
2283
2284
2285
2286
2287
2288
2289
2290
2291
2292
2293
2294
2295
2296
2297
2298
2299
2300
2301
2302
2303
2304
2305
2306
2307
2308
2309
2310
2311
2312
2313
2314
2315
2316
2317
2318
2319
2320
2321
2322
2323
2324
2325
2326
2327
2328
2329
2330
2331
2332
2333
2334
2335
2336
2337
2338
2339
2340
2341
2342
2343
2344
2345
2346
2347
2348
2349
2350
2351
2352
2353
2354
2355
2356
2357
2358
2359
2360
2361
2362
2363
2364
2365
2366
2367
2368
2369
2370
2371
2372
2373
2374
2375
2376
2377
2378
2379
2380
2381
2382
2383
2384
2385
2386
2387
2388
2389
2390
2391
2392
2393
2394
2395
2396
2397
2398
2399
2400
2401
2402
2403
2404
2405
2406
2407
2408
2409
2410
2411
2412
2413
2414
2415
2416
2417
2418
2419
2420
2421
2422
2423
2424
2425
2426
2427
2428
2429
2430
2431
2432
2433
2434
2435
2436
2437
2438
2439
2440
2441
2442
2443
2444
2445
2446
2447
2448
2449
2450
2451
2452
2453
2454
2455
2456
2457
2458
2459
2460
2461
2462
2463
2464
2465
2466
2467
2468
2469
2470
2471
2472
2473
2474
2475
2476
2477
2478
2479
2480
2481
2482
2483
2484
2485
2486
2487
2488
2489
2490
2491
2492
2493
2494
2495
2496
2497
2498
2499
2500
2501
2502
2503
2504
2505
2506
2507
2508
2509
2510
2511
2512
2513
2514
2515
2516
2517
2518
2519
2520
2521
2522
2523
2524
2525
2526
2527
2528
2529
2530
2531
2532
2533
2534
2535
2536
2537
2538
2539
2540
2541
2542
2543
2544
2545
2546
2547
2548
2549
2550
2551
2552
2553
2554
2555
2556
2557
2558
2559
2560
2561
2562
2563
2564
2565
2566
2567
2568
2569
2570
2571
2572
2573
2574
2575
2576
2577
2578
2579
2580
2581
2582
2583
2584
2585
2586
2587
2588
2589
2590
2591
2592
2593
2594
2595
2596
2597
2598
2599
2600
2601
2602
2603
2604
2605
2606
2607
2608
2609
2610
2611
2612
2613
2614
2615
2616
2617
2618
2619
2620
2621
2622
2623
2624
2625
2626
2627
2628
2629
2630
2631
2632
2633
2634
2635
2636
2637
2638
2639
2640
2641
2642
2643
2644
2645
2646
2647
2648
2649
2650
2651
2652
2653
2654
2655
2656
2657
2658
2659
2660
2661
2662
2663
2664
2665
2666
2667
2668
2669
2670
2671
2672
2673
2674
2675
2676
2677
2678
2679
2680
2681
2682
2683
2684
2685
2686
2687
2688
2689
2690
2691
2692
2693
2694
2695
2696
2697
2698
2699
2700
2701
2702
2703
2704
2705
2706
2707
Completed pre-train communication!
Client 0 ready for training! Number of nodes = 2586, Training samples = 94, Validation samples = 311
Client 1 ready for training! Number of nodes = 403, Training samples = 4, Validation samples = 18
Client 2 ready for training! Number of nodes = 2195, Training samples = 42, Validation samples = 171
Client 0 ready for training! Number of nodes = 2586, Training samples = 94, Validation samples = 311
Client 1 ready for training! Number of nodes = 403, Training samples = 4, Validation samples = 18
Client 2 ready for training! Number of nodes = 2195, Training samples = 42, Validation samples = 171
Starting training!
Client 0: Epoch 0: Train loss: 1.9699231386184692, Train acc: 9.574468612670898%, Val loss: 1.9600305557250977, Val acc 11.254019737243652%
Client 0: Test acc: 8.974359512329102
Client 0: Epoch 1: Train loss: 1.9649122953414917, Train acc: 9.574468612670898%, Val loss: 1.9600305557250977, Val acc 11.254019737243652%
Client 0: Test acc: 8.974359512329102
Client 0: Epoch 2: Train loss: 1.9750667810440063, Train acc: 9.574468612670898%, Val loss: 1.9600305557250977, Val acc 11.254019737243652%
Client 0: Test acc: 8.974359512329102
Client 1: Epoch 0: Train loss: 1.917587161064148, Train acc: 25.0%, Val loss: 1.9668813943862915, Val acc 11.111111640930176%
Client 1: Test acc: 7.142857551574707
Client 1: Epoch 1: Train loss: 1.9495494365692139, Train acc: 25.0%, Val loss: 1.9668813943862915, Val acc 11.111111640930176%
Client 1: Test acc: 7.142857551574707
Client 1: Epoch 2: Train loss: 1.944308876991272, Train acc: 25.0%, Val loss: 1.9668813943862915, Val acc 11.111111640930176%
Client 1: Test acc: 7.142857551574707
Client 2: Epoch 0: Train loss: 1.9710052013397217, Train acc: 9.523809432983398%, Val loss: 1.961593508720398, Val acc 8.771929740905762%
Client 2: Test acc: 6.586826801300049
Client 2: Epoch 1: Train loss: 1.990185022354126, Train acc: 9.523809432983398%, Val loss: 1.961593508720398, Val acc 8.771929740905762%
Client 2: Test acc: 6.586826801300049
Client 2: Epoch 2: Train loss: 1.982761263847351, Train acc: 9.523809432983398%, Val loss: 1.961593508720398, Val acc 8.771929740905762%
Client 2: Test acc: 6.586826801300049
Change in model parameters = 0.04319465160369873
Epoch 0 completed!
Client 0: Epoch 3: Train loss: 1.9501605033874512, Train acc: 8.510638236999512%, Val loss: 1.9578967094421387, Val acc 10.289388656616211%
Client 0: Test acc: 9.294872283935547
Client 0: Epoch 4: Train loss: 1.9772344827651978, Train acc: 8.510638236999512%, Val loss: 1.9578967094421387, Val acc 10.289388656616211%
Client 0: Test acc: 9.294872283935547
Client 0: Epoch 5: Train loss: 1.9644020795822144, Train acc: 8.510638236999512%, Val loss: 1.9578967094421387, Val acc 10.289388656616211%
Client 0: Test acc: 9.294872283935547
Client 1: Epoch 3: Train loss: 1.937228798866272, Train acc: 25.0%, Val loss: 1.9627604484558105, Val acc 5.555555820465088%
Client 1: Test acc: 7.142857551574707
Client 1: Epoch 4: Train loss: 1.9429882764816284, Train acc: 25.0%, Val loss: 1.9627604484558105, Val acc 5.555555820465088%
Client 1: Test acc: 7.142857551574707
Client 1: Epoch 5: Train loss: 1.9558136463165283, Train acc: 25.0%, Val loss: 1.9627604484558105, Val acc 5.555555820465088%
Client 1: Test acc: 7.142857551574707
Client 2: Epoch 3: Train loss: 1.9721260070800781, Train acc: 7.142857551574707%, Val loss: 1.9581434726715088, Val acc 6.432748794555664%
Client 2: Test acc: 6.886227607727051
Client 2: Epoch 4: Train loss: 1.958658218383789, Train acc: 7.142857551574707%, Val loss: 1.9581434726715088, Val acc 6.432748794555664%
Client 2: Test acc: 6.886227607727051
Client 2: Epoch 5: Train loss: 1.9666240215301514, Train acc: 7.142857551574707%, Val loss: 1.9581434726715088, Val acc 6.432748794555664%
Client 2: Test acc: 6.886227607727051
Change in model parameters = 0.04073402285575867
Epoch 1 completed!
Client 0: Epoch 6: Train loss: 1.9553520679473877, Train acc: 7.446808338165283%, Val loss: 1.9560195207595825, Val acc 9.967845916748047%
Client 0: Test acc: 9.455127716064453
Client 0: Epoch 7: Train loss: 1.9613903760910034, Train acc: 7.446808338165283%, Val loss: 1.9560195207595825, Val acc 9.967845916748047%
Client 0: Test acc: 9.455127716064453
Client 0: Epoch 8: Train loss: 1.9618704319000244, Train acc: 7.446808338165283%, Val loss: 1.9560195207595825, Val acc 9.967845916748047%
Client 0: Test acc: 9.455127716064453
Client 1: Epoch 6: Train loss: 1.9369852542877197, Train acc: 25.0%, Val loss: 1.959492564201355, Val acc 5.555555820465088%
Client 1: Test acc: 9.523809432983398
Client 1: Epoch 7: Train loss: 1.9348310232162476, Train acc: 25.0%, Val loss: 1.959492564201355, Val acc 5.555555820465088%
Client 1: Test acc: 9.523809432983398
Client 1: Epoch 8: Train loss: 1.9546788930892944, Train acc: 25.0%, Val loss: 1.959492564201355, Val acc 5.555555820465088%
Client 1: Test acc: 9.523809432983398
Client 2: Epoch 6: Train loss: 1.9817873239517212, Train acc: 9.523809432983398%, Val loss: 1.9550467729568481, Val acc 6.432748794555664%
Client 2: Test acc: 7.485029697418213
Client 2: Epoch 7: Train loss: 1.9766981601715088, Train acc: 9.523809432983398%, Val loss: 1.9550467729568481, Val acc 6.432748794555664%
Client 2: Test acc: 7.485029697418213
Client 2: Epoch 8: Train loss: 1.969943881034851, Train acc: 9.523809432983398%, Val loss: 1.9550467729568481, Val acc 6.432748794555664%
Client 2: Test acc: 7.485029697418213
Change in model parameters = 0.03859790787100792
Epoch 2 completed!
Client 0: Epoch 9: Train loss: 1.9617537260055542, Train acc: 8.510638236999512%, Val loss: 1.954169511795044, Val acc 10.289388656616211%
Client 0: Test acc: 9.294872283935547
Client 0: Epoch 10: Train loss: 1.9617117643356323, Train acc: 8.510638236999512%, Val loss: 1.954169511795044, Val acc 10.289388656616211%
Client 0: Test acc: 9.294872283935547
Client 0: Epoch 11: Train loss: 1.9438999891281128, Train acc: 8.510638236999512%, Val loss: 1.954169511795044, Val acc 10.289388656616211%
Client 0: Test acc: 9.294872283935547
Client 1: Epoch 9: Train loss: 1.9498140811920166, Train acc: 25.0%, Val loss: 1.9563484191894531, Val acc 5.555555820465088%
Client 1: Test acc: 11.904762268066406
Client 1: Epoch 10: Train loss: 1.9448363780975342, Train acc: 25.0%, Val loss: 1.9563484191894531, Val acc 5.555555820465088%
Client 1: Test acc: 11.904762268066406
Client 1: Epoch 11: Train loss: 1.9556546211242676, Train acc: 25.0%, Val loss: 1.9563484191894531, Val acc 5.555555820465088%
Client 1: Test acc: 11.904762268066406
Client 2: Epoch 9: Train loss: 1.972658395767212, Train acc: 9.523809432983398%, Val loss: 1.952392578125, Val acc 7.602339267730713%
Client 2: Test acc: 7.784431457519531
Client 2: Epoch 10: Train loss: 1.9678044319152832, Train acc: 9.523809432983398%, Val loss: 1.952392578125, Val acc 7.602339267730713%
Client 2: Test acc: 7.784431457519531
Client 2: Epoch 11: Train loss: 1.961641788482666, Train acc: 9.523809432983398%, Val loss: 1.952392578125, Val acc 7.602339267730713%
Client 2: Test acc: 7.784431457519531
Change in model parameters = 0.03622003272175789
Epoch 3 completed!
Client 0: Epoch 12: Train loss: 1.950136423110962, Train acc: 10.638298034667969%, Val loss: 1.9523712396621704, Val acc 9.324758529663086%
Client 0: Test acc: 9.935897827148438
Client 0: Epoch 13: Train loss: 1.9478600025177002, Train acc: 10.638298034667969%, Val loss: 1.9523712396621704, Val acc 9.324758529663086%
Client 0: Test acc: 9.935897827148438
Client 0: Epoch 14: Train loss: 1.9516288042068481, Train acc: 10.638298034667969%, Val loss: 1.9523712396621704, Val acc 9.324758529663086%
Client 0: Test acc: 9.935897827148438
Client 1: Epoch 12: Train loss: 1.9523556232452393, Train acc: 25.0%, Val loss: 1.953356385231018, Val acc 5.555555820465088%
Client 1: Test acc: 9.523809432983398
Client 1: Epoch 13: Train loss: 1.9514179229736328, Train acc: 25.0%, Val loss: 1.953356385231018, Val acc 5.555555820465088%
Client 1: Test acc: 9.523809432983398
Client 1: Epoch 14: Train loss: 1.9509811401367188, Train acc: 25.0%, Val loss: 1.953356385231018, Val acc 5.555555820465088%
Client 1: Test acc: 9.523809432983398
Client 2: Epoch 12: Train loss: 1.951374888420105, Train acc: 9.523809432983398%, Val loss: 1.9502359628677368, Val acc 7.017543792724609%
Client 2: Test acc: 8.383234024047852
Client 2: Epoch 13: Train loss: 1.961394190788269, Train acc: 9.523809432983398%, Val loss: 1.9502359628677368, Val acc 7.017543792724609%
Client 2: Test acc: 8.383234024047852
Client 2: Epoch 14: Train loss: 1.9531550407409668, Train acc: 9.523809432983398%, Val loss: 1.9502359628677368, Val acc 7.017543792724609%
Client 2: Test acc: 8.383234024047852
Change in model parameters = 0.03393581882119179
Epoch 4 completed!
Client 0: Epoch 15: Train loss: 1.950748324394226, Train acc: 10.638298034667969%, Val loss: 1.9507038593292236, Val acc 9.324758529663086%
Client 0: Test acc: 9.455127716064453
Client 0: Epoch 16: Train loss: 1.9525418281555176, Train acc: 10.638298034667969%, Val loss: 1.9507038593292236, Val acc 9.324758529663086%
Client 0: Test acc: 9.455127716064453
Client 0: Epoch 17: Train loss: 1.9479074478149414, Train acc: 10.638298034667969%, Val loss: 1.9507038593292236, Val acc 9.324758529663086%
Client 0: Test acc: 9.455127716064453
Client 1: Epoch 15: Train loss: 1.9490962028503418, Train acc: 25.0%, Val loss: 1.950764775276184, Val acc 5.555555820465088%
Client 1: Test acc: 11.904762268066406
Client 1: Epoch 16: Train loss: 1.947540521621704, Train acc: 25.0%, Val loss: 1.950764775276184, Val acc 5.555555820465088%
Client 1: Test acc: 11.904762268066406
Client 1: Epoch 17: Train loss: 1.9548678398132324, Train acc: 25.0%, Val loss: 1.950764775276184, Val acc 5.555555820465088%
Client 1: Test acc: 11.904762268066406
Client 2: Epoch 15: Train loss: 1.9522597789764404, Train acc: 9.523809432983398%, Val loss: 1.9485487937927246, Val acc 7.602339267730713%
Client 2: Test acc: 8.982036590576172
Client 2: Epoch 16: Train loss: 1.959579586982727, Train acc: 9.523809432983398%, Val loss: 1.9485487937927246, Val acc 7.602339267730713%
Client 2: Test acc: 8.982036590576172
Client 2: Epoch 17: Train loss: 1.9627704620361328, Train acc: 9.523809432983398%, Val loss: 1.9485487937927246, Val acc 7.602339267730713%
Client 2: Test acc: 8.982036590576172
Change in model parameters = 0.03172413259744644
Epoch 5 completed!
Client 0: Epoch 18: Train loss: 1.9503209590911865, Train acc: 12.765957832336426%, Val loss: 1.9492183923721313, Val acc 10.610932350158691%
Client 0: Test acc: 10.576923370361328
Client 0: Epoch 19: Train loss: 1.9528952836990356, Train acc: 12.765957832336426%, Val loss: 1.9492183923721313, Val acc 10.610932350158691%
Client 0: Test acc: 10.576923370361328
Client 0: Epoch 20: Train loss: 1.9510860443115234, Train acc: 12.765957832336426%, Val loss: 1.9492183923721313, Val acc 10.610932350158691%
Client 0: Test acc: 10.576923370361328
Client 1: Epoch 18: Train loss: 1.9538060426712036, Train acc: 25.0%, Val loss: 1.9486522674560547, Val acc 5.555555820465088%
Client 1: Test acc: 14.285715103149414
Client 1: Epoch 19: Train loss: 1.950101375579834, Train acc: 25.0%, Val loss: 1.9486522674560547, Val acc 5.555555820465088%
Client 1: Test acc: 14.285715103149414
Client 1: Epoch 20: Train loss: 1.9472929239273071, Train acc: 25.0%, Val loss: 1.9486522674560547, Val acc 5.555555820465088%
Client 1: Test acc: 14.285715103149414
Client 2: Epoch 18: Train loss: 1.9556893110275269, Train acc: 11.904762268066406%, Val loss: 1.9472413063049316, Val acc 9.356725692749023%
Client 2: Test acc: 8.982036590576172
Client 2: Epoch 19: Train loss: 1.9483940601348877, Train acc: 11.904762268066406%, Val loss: 1.9472413063049316, Val acc 9.356725692749023%
Client 2: Test acc: 8.982036590576172
Client 2: Epoch 20: Train loss: 1.9497331380844116, Train acc: 11.904762268066406%, Val loss: 1.9472413063049316, Val acc 9.356725692749023%
Client 2: Test acc: 8.982036590576172
Change in model parameters = 0.029507068917155266
Epoch 6 completed!
Client 0: Epoch 21: Train loss: 1.948720097541809, Train acc: 12.765957832336426%, Val loss: 1.9479354619979858, Val acc 13.183279037475586%
Client 0: Test acc: 11.698718070983887
Client 0: Epoch 22: Train loss: 1.946406364440918, Train acc: 12.765957832336426%, Val loss: 1.9479354619979858, Val acc 13.183279037475586%
Client 0: Test acc: 11.698718070983887
Client 0: Epoch 23: Train loss: 1.9483169317245483, Train acc: 12.765957832336426%, Val loss: 1.9479354619979858, Val acc 13.183279037475586%
Client 0: Test acc: 11.698718070983887
Client 1: Epoch 21: Train loss: 1.953172206878662, Train acc: 25.0%, Val loss: 1.9469757080078125, Val acc 11.111111640930176%
Client 1: Test acc: 14.285715103149414
Client 1: Epoch 22: Train loss: 1.954755187034607, Train acc: 25.0%, Val loss: 1.9469757080078125, Val acc 11.111111640930176%
Client 1: Test acc: 14.285715103149414
Client 1: Epoch 23: Train loss: 1.9522626399993896, Train acc: 25.0%, Val loss: 1.9469757080078125, Val acc 11.111111640930176%
Client 1: Test acc: 14.285715103149414
Client 2: Epoch 21: Train loss: 1.9493052959442139, Train acc: 14.285715103149414%, Val loss: 1.9462512731552124, Val acc 11.695906639099121%
Client 2: Test acc: 11.077844619750977
Client 2: Epoch 22: Train loss: 1.9532924890518188, Train acc: 14.285715103149414%, Val loss: 1.9462512731552124, Val acc 11.695906639099121%
Client 2: Test acc: 11.077844619750977
Client 2: Epoch 23: Train loss: 1.9520204067230225, Train acc: 14.285715103149414%, Val loss: 1.9462512731552124, Val acc 11.695906639099121%
Client 2: Test acc: 11.077844619750977
Change in model parameters = 0.027281807735562325
Epoch 7 completed!
Client 0: Epoch 24: Train loss: 1.947896957397461, Train acc: 12.765957832336426%, Val loss: 1.946882963180542, Val acc 13.183279037475586%
Client 0: Test acc: 12.5
Client 0: Epoch 25: Train loss: 1.9469034671783447, Train acc: 12.765957832336426%, Val loss: 1.946882963180542, Val acc 13.183279037475586%
Client 0: Test acc: 12.5
Client 0: Epoch 26: Train loss: 1.947694182395935, Train acc: 12.765957832336426%, Val loss: 1.946882963180542, Val acc 13.183279037475586%
Client 0: Test acc: 12.5
Client 1: Epoch 24: Train loss: 1.95133376121521, Train acc: 25.0%, Val loss: 1.9456994533538818, Val acc 16.666667938232422%
Client 1: Test acc: 21.428571701049805
Client 1: Epoch 25: Train loss: 1.9481712579727173, Train acc: 25.0%, Val loss: 1.9456994533538818, Val acc 16.666667938232422%
Client 1: Test acc: 21.428571701049805
Client 1: Epoch 26: Train loss: 1.9529001712799072, Train acc: 25.0%, Val loss: 1.9456994533538818, Val acc 16.666667938232422%
Client 1: Test acc: 21.428571701049805
Client 2: Epoch 24: Train loss: 1.9484822750091553, Train acc: 11.904762268066406%, Val loss: 1.9455088376998901, Val acc 11.695906639099121%
Client 2: Test acc: 10.479042053222656
Client 2: Epoch 25: Train loss: 1.94572913646698, Train acc: 11.904762268066406%, Val loss: 1.9455088376998901, Val acc 11.695906639099121%
Client 2: Test acc: 10.479042053222656
Client 2: Epoch 26: Train loss: 1.9467358589172363, Train acc: 11.904762268066406%, Val loss: 1.9455088376998901, Val acc 11.695906639099121%
Client 2: Test acc: 10.479042053222656
Change in model parameters = 0.025114411488175392
Epoch 8 completed!
Client 0: Epoch 27: Train loss: 1.9461157321929932, Train acc: 10.638298034667969%, Val loss: 1.9460692405700684, Val acc 13.826367378234863%
Client 0: Test acc: 12.339743614196777
Client 0: Epoch 28: Train loss: 1.9475159645080566, Train acc: 10.638298034667969%, Val loss: 1.9460692405700684, Val acc 13.826367378234863%
Client 0: Test acc: 12.339743614196777
Client 0: Epoch 29: Train loss: 1.9457497596740723, Train acc: 10.638298034667969%, Val loss: 1.9460692405700684, Val acc 13.826367378234863%
Client 0: Test acc: 12.339743614196777
Client 1: Epoch 27: Train loss: 1.9503952264785767, Train acc: 25.0%, Val loss: 1.9447795152664185, Val acc 16.666667938232422%
Client 1: Test acc: 21.428571701049805
Client 1: Epoch 28: Train loss: 1.9482390880584717, Train acc: 25.0%, Val loss: 1.9447795152664185, Val acc 16.666667938232422%
Client 1: Test acc: 21.428571701049805
Client 1: Epoch 29: Train loss: 1.9491318464279175, Train acc: 25.0%, Val loss: 1.9447795152664185, Val acc 16.666667938232422%
Client 1: Test acc: 21.428571701049805
Client 2: Epoch 27: Train loss: 1.9465745687484741, Train acc: 9.523809432983398%, Val loss: 1.944975733757019, Val acc 11.111111640930176%
Client 2: Test acc: 11.37724494934082
Client 2: Epoch 28: Train loss: 1.944707989692688, Train acc: 9.523809432983398%, Val loss: 1.944975733757019, Val acc 11.111111640930176%
Client 2: Test acc: 11.37724494934082
Client 2: Epoch 29: Train loss: 1.948552131652832, Train acc: 9.523809432983398%, Val loss: 1.944975733757019, Val acc 11.111111640930176%
Client 2: Test acc: 11.37724494934082
Change in model parameters = 0.02305867150425911
Epoch 9 completed!
Client 0: Epoch 30: Train loss: 1.9466180801391602, Train acc: 11.702127456665039%, Val loss: 1.9455013275146484, Val acc 13.183279037475586%
Client 0: Test acc: 13.301281929016113
Client 0: Epoch 31: Train loss: 1.9471349716186523, Train acc: 11.702127456665039%, Val loss: 1.9455013275146484, Val acc 13.183279037475586%
Client 0: Test acc: 13.301281929016113
Client 0: Epoch 32: Train loss: 1.9470455646514893, Train acc: 11.702127456665039%, Val loss: 1.9455013275146484, Val acc 13.183279037475586%
Client 0: Test acc: 13.301281929016113
Client 1: Epoch 30: Train loss: 1.9506498575210571, Train acc: 25.0%, Val loss: 1.9441803693771362, Val acc 16.666667938232422%
Client 1: Test acc: 9.523809432983398
Client 1: Epoch 31: Train loss: 1.9501608610153198, Train acc: 25.0%, Val loss: 1.9441803693771362, Val acc 16.666667938232422%
Client 1: Test acc: 9.523809432983398
Client 1: Epoch 32: Train loss: 1.9536370038986206, Train acc: 25.0%, Val loss: 1.9441803693771362, Val acc 16.666667938232422%
Client 1: Test acc: 9.523809432983398
Client 2: Epoch 30: Train loss: 1.944991111755371, Train acc: 16.666667938232422%, Val loss: 1.9446483850479126, Val acc 15.789472579956055%
Client 2: Test acc: 13.772455215454102
Client 2: Epoch 31: Train loss: 1.9434235095977783, Train acc: 16.666667938232422%, Val loss: 1.9446483850479126, Val acc 15.789472579956055%
Client 2: Test acc: 13.772455215454102
Client 2: Epoch 32: Train loss: 1.9464640617370605, Train acc: 16.666667938232422%, Val loss: 1.9446483850479126, Val acc 15.789472579956055%
Client 2: Test acc: 13.772455215454102
Change in model parameters = 0.021102841943502426
Epoch 10 completed!
Client 0: Epoch 33: Train loss: 1.9451690912246704, Train acc: 11.702127456665039%, Val loss: 1.94515860080719, Val acc 15.112540245056152%
Client 0: Test acc: 15.865384101867676
Client 0: Epoch 34: Train loss: 1.946044683456421, Train acc: 11.702127456665039%, Val loss: 1.94515860080719, Val acc 15.112540245056152%
Client 0: Test acc: 15.865384101867676
Client 0: Epoch 35: Train loss: 1.9473035335540771, Train acc: 11.702127456665039%, Val loss: 1.94515860080719, Val acc 15.112540245056152%
Client 0: Test acc: 15.865384101867676
Client 1: Epoch 33: Train loss: 1.9486802816390991, Train acc: 25.0%, Val loss: 1.9438459873199463, Val acc 22.22222328186035%
Client 1: Test acc: 4.761904716491699
Client 1: Epoch 34: Train loss: 1.9492716789245605, Train acc: 25.0%, Val loss: 1.9438459873199463, Val acc 22.22222328186035%
Client 1: Test acc: 4.761904716491699
Client 1: Epoch 35: Train loss: 1.9496468305587769, Train acc: 25.0%, Val loss: 1.9438459873199463, Val acc 22.22222328186035%
Client 1: Test acc: 4.761904716491699
Client 2: Epoch 33: Train loss: 1.9452930688858032, Train acc: 16.666667938232422%, Val loss: 1.944511890411377, Val acc 15.204678535461426%
Client 2: Test acc: 14.670658111572266
Client 2: Epoch 34: Train loss: 1.9442960023880005, Train acc: 16.666667938232422%, Val loss: 1.944511890411377, Val acc 15.204678535461426%
Client 2: Test acc: 14.670658111572266
Client 2: Epoch 35: Train loss: 1.9468380212783813, Train acc: 16.666667938232422%, Val loss: 1.944511890411377, Val acc 15.204678535461426%
Client 2: Test acc: 14.670658111572266
Change in model parameters = 0.019223209470510483
Epoch 11 completed!
Client 0: Epoch 36: Train loss: 1.9450253248214722, Train acc: 10.638298034667969%, Val loss: 1.9449903964996338, Val acc 16.720256805419922%
Client 0: Test acc: 16.346153259277344
Client 0: Epoch 37: Train loss: 1.9467098712921143, Train acc: 10.638298034667969%, Val loss: 1.9449903964996338, Val acc 16.720256805419922%
Client 0: Test acc: 16.346153259277344
Client 0: Epoch 38: Train loss: 1.9450119733810425, Train acc: 10.638298034667969%, Val loss: 1.9449903964996338, Val acc 16.720256805419922%
Client 0: Test acc: 16.346153259277344
Client 1: Epoch 36: Train loss: 1.9471993446350098, Train acc: 0.0%, Val loss: 1.9436869621276855, Val acc 27.77777862548828%
Client 1: Test acc: 4.761904716491699
Client 1: Epoch 37: Train loss: 1.9480139017105103, Train acc: 0.0%, Val loss: 1.9436869621276855, Val acc 27.77777862548828%
Client 1: Test acc: 4.761904716491699
Client 1: Epoch 38: Train loss: 1.9497557878494263, Train acc: 0.0%, Val loss: 1.9436869621276855, Val acc 27.77777862548828%
Client 1: Test acc: 4.761904716491699
Client 2: Epoch 36: Train loss: 1.9455397129058838, Train acc: 21.428571701049805%, Val loss: 1.9445216655731201, Val acc 14.619882583618164%
Client 2: Test acc: 15.868263244628906
Client 2: Epoch 37: Train loss: 1.9466218948364258, Train acc: 21.428571701049805%, Val loss: 1.9445216655731201, Val acc 14.619882583618164%
Client 2: Test acc: 15.868263244628906
Client 2: Epoch 38: Train loss: 1.9446043968200684, Train acc: 21.428571701049805%, Val loss: 1.9445216655731201, Val acc 14.619882583618164%
Client 2: Test acc: 15.868263244628906
Change in model parameters = 0.017422057688236237
Epoch 12 completed!
Client 0: Epoch 39: Train loss: 1.9458861351013184, Train acc: 10.638298034667969%, Val loss: 1.9449301958084106, Val acc 16.398714065551758%
Client 0: Test acc: 18.910255432128906
Client 0: Epoch 40: Train loss: 1.9459407329559326, Train acc: 10.638298034667969%, Val loss: 1.9449301958084106, Val acc 16.398714065551758%
Client 0: Test acc: 18.910255432128906
Client 0: Epoch 41: Train loss: 1.9457764625549316, Train acc: 10.638298034667969%, Val loss: 1.9449301958084106, Val acc 16.398714065551758%
Client 0: Test acc: 18.910255432128906
Client 1: Epoch 39: Train loss: 1.9472126960754395, Train acc: 0.0%, Val loss: 1.9436026811599731, Val acc 22.22222328186035%
Client 1: Test acc: 7.142857551574707
Client 1: Epoch 40: Train loss: 1.9469068050384521, Train acc: 0.0%, Val loss: 1.9436026811599731, Val acc 22.22222328186035%
Client 1: Test acc: 7.142857551574707
Client 1: Epoch 41: Train loss: 1.9470934867858887, Train acc: 0.0%, Val loss: 1.9436026811599731, Val acc 22.22222328186035%
Client 1: Test acc: 7.142857551574707
Client 2: Epoch 39: Train loss: 1.9444477558135986, Train acc: 23.809524536132812%, Val loss: 1.9446080923080444, Val acc 16.374269485473633%
Client 2: Test acc: 20.05988121032715
Client 2: Epoch 40: Train loss: 1.94452702999115, Train acc: 23.809524536132812%, Val loss: 1.9446080923080444, Val acc 16.374269485473633%
Client 2: Test acc: 20.05988121032715
Client 2: Epoch 41: Train loss: 1.943856954574585, Train acc: 23.809524536132812%, Val loss: 1.9446080923080444, Val acc 16.374269485473633%
Client 2: Test acc: 20.05988121032715
Change in model parameters = 0.015726570039987564
Epoch 13 completed!
Client 0: Epoch 42: Train loss: 1.9463697671890259, Train acc: 18.085105895996094%, Val loss: 1.9449182748794556, Val acc 20.257234573364258%
Client 0: Test acc: 20.99359130859375
Client 0: Epoch 43: Train loss: 1.9470525979995728, Train acc: 18.085105895996094%, Val loss: 1.9449182748794556, Val acc 20.257234573364258%
Client 0: Test acc: 20.99359130859375
Client 0: Epoch 44: Train loss: 1.9451810121536255, Train acc: 18.085105895996094%, Val loss: 1.9449182748794556, Val acc 20.257234573364258%
Client 0: Test acc: 20.99359130859375
Client 1: Epoch 42: Train loss: 1.9465599060058594, Train acc: 0.0%, Val loss: 1.9435185194015503, Val acc 22.22222328186035%
Client 1: Test acc: 14.285715103149414
Client 1: Epoch 43: Train loss: 1.9474153518676758, Train acc: 0.0%, Val loss: 1.9435185194015503, Val acc 22.22222328186035%
Client 1: Test acc: 14.285715103149414
Client 1: Epoch 44: Train loss: 1.9463697671890259, Train acc: 0.0%, Val loss: 1.9435185194015503, Val acc 22.22222328186035%
Client 1: Test acc: 14.285715103149414
Client 2: Epoch 42: Train loss: 1.9445536136627197, Train acc: 30.952381134033203%, Val loss: 1.9447083473205566, Val acc 19.29824447631836%
Client 2: Test acc: 20.359281539916992
Client 2: Epoch 43: Train loss: 1.9421950578689575, Train acc: 30.952381134033203%, Val loss: 1.9447083473205566, Val acc 19.29824447631836%
Client 2: Test acc: 20.359281539916992
Client 2: Epoch 44: Train loss: 1.9440746307373047, Train acc: 30.952381134033203%, Val loss: 1.9447083473205566, Val acc 19.29824447631836%
Client 2: Test acc: 20.359281539916992
Change in model parameters = 0.014154859818518162
Epoch 14 completed!
Client 0: Epoch 45: Train loss: 1.9466882944107056, Train acc: 19.148937225341797%, Val loss: 1.9449213743209839, Val acc 23.794212341308594%
Client 0: Test acc: 21.47435760498047
Client 0: Epoch 46: Train loss: 1.9465395212173462, Train acc: 19.148937225341797%, Val loss: 1.9449213743209839, Val acc 23.794212341308594%
Client 0: Test acc: 21.47435760498047
Client 0: Epoch 47: Train loss: 1.9458394050598145, Train acc: 19.148937225341797%, Val loss: 1.9449213743209839, Val acc 23.794212341308594%
Client 0: Test acc: 21.47435760498047
Client 1: Epoch 45: Train loss: 1.9456523656845093, Train acc: 0.0%, Val loss: 1.943407654762268, Val acc 27.77777862548828%
Client 1: Test acc: 16.666667938232422
Client 1: Epoch 46: Train loss: 1.9451016187667847, Train acc: 0.0%, Val loss: 1.943407654762268, Val acc 27.77777862548828%
Client 1: Test acc: 16.666667938232422
Client 1: Epoch 47: Train loss: 1.9465731382369995, Train acc: 0.0%, Val loss: 1.943407654762268, Val acc 27.77777862548828%
Client 1: Test acc: 16.666667938232422
Client 2: Epoch 45: Train loss: 1.9435889720916748, Train acc: 30.952381134033203%, Val loss: 1.9447871446609497, Val acc 19.29824447631836%
Client 2: Test acc: 20.658681869506836
Client 2: Epoch 46: Train loss: 1.9431042671203613, Train acc: 30.952381134033203%, Val loss: 1.9447871446609497, Val acc 19.29824447631836%
Client 2: Test acc: 20.658681869506836
Client 2: Epoch 47: Train loss: 1.9438414573669434, Train acc: 30.952381134033203%, Val loss: 1.9447871446609497, Val acc 19.29824447631836%
Client 2: Test acc: 20.658681869506836
Change in model parameters = 0.01270041149109602
Epoch 15 completed!
Client 0: Epoch 48: Train loss: 1.9458677768707275, Train acc: 14.893616676330566%, Val loss: 1.9449266195297241, Val acc 25.40192985534668%
Client 0: Test acc: 22.435897827148438
Client 0: Epoch 49: Train loss: 1.9455547332763672, Train acc: 14.893616676330566%, Val loss: 1.9449266195297241, Val acc 25.40192985534668%
Client 0: Test acc: 22.435897827148438
Client 0: Epoch 50: Train loss: 1.9468286037445068, Train acc: 14.893616676330566%, Val loss: 1.9449266195297241, Val acc 25.40192985534668%
Client 0: Test acc: 22.435897827148438
Client 1: Epoch 48: Train loss: 1.945351481437683, Train acc: 0.0%, Val loss: 1.9432868957519531, Val acc 27.77777862548828%
Client 1: Test acc: 16.666667938232422
Client 1: Epoch 49: Train loss: 1.9456627368927002, Train acc: 0.0%, Val loss: 1.9432868957519531, Val acc 27.77777862548828%
Client 1: Test acc: 16.666667938232422
Client 1: Epoch 50: Train loss: 1.9451128244400024, Train acc: 0.0%, Val loss: 1.9432868957519531, Val acc 27.77777862548828%
Client 1: Test acc: 16.666667938232422
Client 2: Epoch 48: Train loss: 1.9441250562667847, Train acc: 35.71428680419922%, Val loss: 1.944834589958191, Val acc 21.052631378173828%
Client 2: Test acc: 23.95209503173828
Client 2: Epoch 49: Train loss: 1.9436979293823242, Train acc: 35.71428680419922%, Val loss: 1.944834589958191, Val acc 21.052631378173828%
Client 2: Test acc: 23.95209503173828
Client 2: Epoch 50: Train loss: 1.9427709579467773, Train acc: 35.71428680419922%, Val loss: 1.944834589958191, Val acc 21.052631378173828%
Client 2: Test acc: 23.95209503173828
Change in model parameters = 0.01134836208075285
Epoch 16 completed!
Client 0: Epoch 51: Train loss: 1.9464433193206787, Train acc: 12.765957832336426%, Val loss: 1.9449383020401, Val acc 25.080385208129883%
Client 0: Test acc: 23.878204345703125
Client 0: Epoch 52: Train loss: 1.944957971572876, Train acc: 12.765957832336426%, Val loss: 1.9449383020401, Val acc 25.080385208129883%
Client 0: Test acc: 23.878204345703125
Client 0: Epoch 53: Train loss: 1.9458718299865723, Train acc: 12.765957832336426%, Val loss: 1.9449383020401, Val acc 25.080385208129883%
Client 0: Test acc: 23.878204345703125
Client 1: Epoch 51: Train loss: 1.9444525241851807, Train acc: 0.0%, Val loss: 1.9431926012039185, Val acc 38.88888931274414%
Client 1: Test acc: 16.666667938232422
Client 1: Epoch 52: Train loss: 1.9447112083435059, Train acc: 0.0%, Val loss: 1.9431926012039185, Val acc 38.88888931274414%
Client 1: Test acc: 16.666667938232422
Client 1: Epoch 53: Train loss: 1.9451758861541748, Train acc: 0.0%, Val loss: 1.9431926012039185, Val acc 38.88888931274414%
Client 1: Test acc: 16.666667938232422
Client 2: Epoch 51: Train loss: 1.9435527324676514, Train acc: 28.571430206298828%, Val loss: 1.9448612928390503, Val acc 25.146198272705078%
Client 2: Test acc: 25.149700164794922
Client 2: Epoch 52: Train loss: 1.9437201023101807, Train acc: 28.571430206298828%, Val loss: 1.9448612928390503, Val acc 25.146198272705078%
Client 2: Test acc: 25.149700164794922
Client 2: Epoch 53: Train loss: 1.9415454864501953, Train acc: 28.571430206298828%, Val loss: 1.9448612928390503, Val acc 25.146198272705078%
Client 2: Test acc: 25.149700164794922
Change in model parameters = 0.010095187462866306
Epoch 17 completed!
Client 0: Epoch 54: Train loss: 1.9464077949523926, Train acc: 11.702127456665039%, Val loss: 1.9449659585952759, Val acc 25.080385208129883%
Client 0: Test acc: 23.397436141967773
Client 0: Epoch 55: Train loss: 1.9461547136306763, Train acc: 11.702127456665039%, Val loss: 1.9449659585952759, Val acc 25.080385208129883%
Client 0: Test acc: 23.397436141967773
Client 0: Epoch 56: Train loss: 1.944871187210083, Train acc: 11.702127456665039%, Val loss: 1.9449659585952759, Val acc 25.080385208129883%
Client 0: Test acc: 23.397436141967773
Client 1: Epoch 54: Train loss: 1.9444751739501953, Train acc: 0.0%, Val loss: 1.9431732892990112, Val acc 38.88888931274414%
Client 1: Test acc: 11.904762268066406
Client 1: Epoch 55: Train loss: 1.9451841115951538, Train acc: 0.0%, Val loss: 1.9431732892990112, Val acc 38.88888931274414%
Client 1: Test acc: 11.904762268066406
Client 1: Epoch 56: Train loss: 1.9452333450317383, Train acc: 0.0%, Val loss: 1.9431732892990112, Val acc 38.88888931274414%
Client 1: Test acc: 11.904762268066406
Client 2: Epoch 54: Train loss: 1.9440810680389404, Train acc: 26.19047737121582%, Val loss: 1.9448847770690918, Val acc 26.3157901763916%
Client 2: Test acc: 25.4491024017334
Client 2: Epoch 55: Train loss: 1.9432240724563599, Train acc: 26.19047737121582%, Val loss: 1.9448847770690918, Val acc 26.3157901763916%
Client 2: Test acc: 25.4491024017334
Client 2: Epoch 56: Train loss: 1.9432579278945923, Train acc: 26.19047737121582%, Val loss: 1.9448847770690918, Val acc 26.3157901763916%
Client 2: Test acc: 25.4491024017334
Change in model parameters = 0.008947811089456081
Epoch 18 completed!
Client 0: Epoch 57: Train loss: 1.9463773965835571, Train acc: 14.893616676330566%, Val loss: 1.9450159072875977, Val acc 26.68810272216797%
Client 0: Test acc: 24.35897445678711
Client 0: Epoch 58: Train loss: 1.9457710981369019, Train acc: 14.893616676330566%, Val loss: 1.9450159072875977, Val acc 26.68810272216797%
Client 0: Test acc: 24.35897445678711
Client 0: Epoch 59: Train loss: 1.9462213516235352, Train acc: 14.893616676330566%, Val loss: 1.9450159072875977, Val acc 26.68810272216797%
Client 0: Test acc: 24.35897445678711
Client 1: Epoch 57: Train loss: 1.9446284770965576, Train acc: 25.0%, Val loss: 1.9432557821273804, Val acc 44.4444465637207%
Client 1: Test acc: 23.809524536132812
Client 1: Epoch 58: Train loss: 1.9445269107818604, Train acc: 25.0%, Val loss: 1.9432557821273804, Val acc 44.4444465637207%
Client 1: Test acc: 23.809524536132812
Client 1: Epoch 59: Train loss: 1.9440743923187256, Train acc: 25.0%, Val loss: 1.9432557821273804, Val acc 44.4444465637207%
Client 1: Test acc: 23.809524536132812
Client 2: Epoch 57: Train loss: 1.9437836408615112, Train acc: 23.809524536132812%, Val loss: 1.9449207782745361, Val acc 26.900583267211914%
Client 2: Test acc: 25.4491024017334
Client 2: Epoch 58: Train loss: 1.9431806802749634, Train acc: 23.809524536132812%, Val loss: 1.9449207782745361, Val acc 26.900583267211914%
Client 2: Test acc: 25.4491024017334
Client 2: Epoch 59: Train loss: 1.9443150758743286, Train acc: 23.809524536132812%, Val loss: 1.9449207782745361, Val acc 26.900583267211914%
Client 2: Test acc: 25.4491024017334
Change in model parameters = 0.007908386178314686
Epoch 19 completed!
Client 0: Epoch 60: Train loss: 1.9460198879241943, Train acc: 15.957446098327637%, Val loss: 1.9450886249542236, Val acc 25.080385208129883%
Client 0: Test acc: 24.35897445678711
Client 0: Epoch 61: Train loss: 1.9455301761627197, Train acc: 15.957446098327637%, Val loss: 1.9450886249542236, Val acc 25.080385208129883%
Client 0: Test acc: 24.35897445678711
Client 0: Epoch 62: Train loss: 1.945245623588562, Train acc: 15.957446098327637%, Val loss: 1.9450886249542236, Val acc 25.080385208129883%
Client 0: Test acc: 24.35897445678711
Client 1: Epoch 60: Train loss: 1.9445096254348755, Train acc: 25.0%, Val loss: 1.94344162940979, Val acc 44.4444465637207%
Client 1: Test acc: 28.571430206298828
Client 1: Epoch 61: Train loss: 1.9447795152664185, Train acc: 25.0%, Val loss: 1.94344162940979, Val acc 44.4444465637207%
Client 1: Test acc: 28.571430206298828
Client 1: Epoch 62: Train loss: 1.9449081420898438, Train acc: 25.0%, Val loss: 1.94344162940979, Val acc 44.4444465637207%
Client 1: Test acc: 28.571430206298828
Client 2: Epoch 60: Train loss: 1.9430731534957886, Train acc: 26.19047737121582%, Val loss: 1.9449745416641235, Val acc 26.900583267211914%
Client 2: Test acc: 25.4491024017334
Client 2: Epoch 61: Train loss: 1.944263219833374, Train acc: 26.19047737121582%, Val loss: 1.9449745416641235, Val acc 26.900583267211914%
Client 2: Test acc: 25.4491024017334
Client 2: Epoch 62: Train loss: 1.9445075988769531, Train acc: 26.19047737121582%, Val loss: 1.9449745416641235, Val acc 26.900583267211914%
Client 2: Test acc: 25.4491024017334
Change in model parameters = 0.006968979258090258
Epoch 20 completed!
Client 0: Epoch 63: Train loss: 1.9462370872497559, Train acc: 17.021276473999023%, Val loss: 1.9451779127120972, Val acc 23.151124954223633%
Client 0: Test acc: 24.198719024658203
Client 0: Epoch 64: Train loss: 1.9457303285598755, Train acc: 17.021276473999023%, Val loss: 1.9451779127120972, Val acc 23.151124954223633%
Client 0: Test acc: 24.198719024658203
Client 0: Epoch 65: Train loss: 1.9462308883666992, Train acc: 17.021276473999023%, Val loss: 1.9451779127120972, Val acc 23.151124954223633%
Client 0: Test acc: 24.198719024658203
Client 1: Epoch 63: Train loss: 1.9453834295272827, Train acc: 25.0%, Val loss: 1.9437041282653809, Val acc 44.4444465637207%
Client 1: Test acc: 33.333335876464844
Client 1: Epoch 64: Train loss: 1.9448418617248535, Train acc: 25.0%, Val loss: 1.9437041282653809, Val acc 44.4444465637207%
Client 1: Test acc: 33.333335876464844
Client 1: Epoch 65: Train loss: 1.944854497909546, Train acc: 25.0%, Val loss: 1.9437041282653809, Val acc 44.4444465637207%
Client 1: Test acc: 33.333335876464844
Client 2: Epoch 63: Train loss: 1.9435863494873047, Train acc: 23.809524536132812%, Val loss: 1.945041537284851, Val acc 25.730995178222656%
Client 2: Test acc: 26.347307205200195
Client 2: Epoch 64: Train loss: 1.9439475536346436, Train acc: 23.809524536132812%, Val loss: 1.945041537284851, Val acc 25.730995178222656%
Client 2: Test acc: 26.347307205200195
Client 2: Epoch 65: Train loss: 1.9443098306655884, Train acc: 23.809524536132812%, Val loss: 1.945041537284851, Val acc 25.730995178222656%
Client 2: Test acc: 26.347307205200195
Change in model parameters = 0.006118867080658674
Epoch 21 completed!
Client 0: Epoch 66: Train loss: 1.9468917846679688, Train acc: 21.276596069335938%, Val loss: 1.9452736377716064, Val acc 20.90032196044922%
Client 0: Test acc: 25.160255432128906
Client 0: Epoch 67: Train loss: 1.9452180862426758, Train acc: 21.276596069335938%, Val loss: 1.9452736377716064, Val acc 20.90032196044922%
Client 0: Test acc: 25.160255432128906
Client 0: Epoch 68: Train loss: 1.9457167387008667, Train acc: 21.276596069335938%, Val loss: 1.9452736377716064, Val acc 20.90032196044922%
Client 0: Test acc: 25.160255432128906
Client 1: Epoch 66: Train loss: 1.9451377391815186, Train acc: 0.0%, Val loss: 1.9440035820007324, Val acc 44.4444465637207%
Client 1: Test acc: 30.952381134033203
Client 1: Epoch 67: Train loss: 1.9452524185180664, Train acc: 0.0%, Val loss: 1.9440035820007324, Val acc 44.4444465637207%
Client 1: Test acc: 30.952381134033203
Client 1: Epoch 68: Train loss: 1.945146083831787, Train acc: 0.0%, Val loss: 1.9440035820007324, Val acc 44.4444465637207%
Client 1: Test acc: 30.952381134033203
Client 2: Epoch 66: Train loss: 1.9441834688186646, Train acc: 19.047618865966797%, Val loss: 1.945115327835083, Val acc 25.730995178222656%
Client 2: Test acc: 23.652694702148438
Client 2: Epoch 67: Train loss: 1.9442603588104248, Train acc: 19.047618865966797%, Val loss: 1.945115327835083, Val acc 25.730995178222656%
Client 2: Test acc: 23.652694702148438
Client 2: Epoch 68: Train loss: 1.9447168111801147, Train acc: 19.047618865966797%, Val loss: 1.945115327835083, Val acc 25.730995178222656%
Client 2: Test acc: 23.652694702148438
Change in model parameters = 0.00535224424675107
Epoch 22 completed!
Client 0: Epoch 69: Train loss: 1.9459878206253052, Train acc: 20.212766647338867%, Val loss: 1.945367455482483, Val acc 19.935691833496094%
Client 0: Test acc: 24.198719024658203
Client 0: Epoch 70: Train loss: 1.94554603099823, Train acc: 20.212766647338867%, Val loss: 1.945367455482483, Val acc 19.935691833496094%
Client 0: Test acc: 24.198719024658203
Client 0: Epoch 71: Train loss: 1.9451179504394531, Train acc: 20.212766647338867%, Val loss: 1.945367455482483, Val acc 19.935691833496094%
Client 0: Test acc: 24.198719024658203
Client 1: Epoch 69: Train loss: 1.9455567598342896, Train acc: 0.0%, Val loss: 1.9443016052246094, Val acc 44.4444465637207%
Client 1: Test acc: 30.952381134033203
Client 1: Epoch 70: Train loss: 1.9455060958862305, Train acc: 0.0%, Val loss: 1.9443016052246094, Val acc 44.4444465637207%
Client 1: Test acc: 30.952381134033203
Client 1: Epoch 71: Train loss: 1.9456570148468018, Train acc: 0.0%, Val loss: 1.9443016052246094, Val acc 44.4444465637207%
Client 1: Test acc: 30.952381134033203
Client 2: Epoch 69: Train loss: 1.9444063901901245, Train acc: 26.19047737121582%, Val loss: 1.9451881647109985, Val acc 26.3157901763916%
Client 2: Test acc: 24.251497268676758
Client 2: Epoch 70: Train loss: 1.9447237253189087, Train acc: 26.19047737121582%, Val loss: 1.9451881647109985, Val acc 26.3157901763916%
Client 2: Test acc: 24.251497268676758
Client 2: Epoch 71: Train loss: 1.9445346593856812, Train acc: 26.19047737121582%, Val loss: 1.9451881647109985, Val acc 26.3157901763916%
Client 2: Test acc: 24.251497268676758
Change in model parameters = 0.004666556604206562
Epoch 23 completed!
Client 0: Epoch 72: Train loss: 1.9451024532318115, Train acc: 21.276596069335938%, Val loss: 1.9454554319381714, Val acc 18.649517059326172%
Client 0: Test acc: 22.596153259277344
Client 0: Epoch 73: Train loss: 1.9455152750015259, Train acc: 21.276596069335938%, Val loss: 1.9454554319381714, Val acc 18.649517059326172%
Client 0: Test acc: 22.596153259277344
Client 0: Epoch 74: Train loss: 1.946397066116333, Train acc: 21.276596069335938%, Val loss: 1.9454554319381714, Val acc 18.649517059326172%
Client 0: Test acc: 22.596153259277344
Client 1: Epoch 72: Train loss: 1.945722222328186, Train acc: 0.0%, Val loss: 1.9445760250091553, Val acc 33.333335876464844%
Client 1: Test acc: 30.952381134033203
Client 1: Epoch 73: Train loss: 1.9455740451812744, Train acc: 0.0%, Val loss: 1.9445760250091553, Val acc 33.333335876464844%
Client 1: Test acc: 30.952381134033203
Client 1: Epoch 74: Train loss: 1.9452638626098633, Train acc: 0.0%, Val loss: 1.9445760250091553, Val acc 33.333335876464844%
Client 1: Test acc: 30.952381134033203
Client 2: Epoch 72: Train loss: 1.9441931247711182, Train acc: 26.19047737121582%, Val loss: 1.9452593326568604, Val acc 28.654972076416016%
Client 2: Test acc: 24.251497268676758
Client 2: Epoch 73: Train loss: 1.9443695545196533, Train acc: 26.19047737121582%, Val loss: 1.9452593326568604, Val acc 28.654972076416016%
Client 2: Test acc: 24.251497268676758
Client 2: Epoch 74: Train loss: 1.9445260763168335, Train acc: 26.19047737121582%, Val loss: 1.9452593326568604, Val acc 28.654972076416016%
Client 2: Test acc: 24.251497268676758
Change in model parameters = 0.004057221580296755
Epoch 24 completed!
Client 0: Epoch 75: Train loss: 1.9455235004425049, Train acc: 23.404254913330078%, Val loss: 1.9455353021621704, Val acc 17.363344192504883%
Client 0: Test acc: 21.153846740722656
Client 0: Epoch 76: Train loss: 1.945447325706482, Train acc: 23.404254913330078%, Val loss: 1.9455353021621704, Val acc 17.363344192504883%
Client 0: Test acc: 21.153846740722656
Client 0: Epoch 77: Train loss: 1.94560968875885, Train acc: 23.404254913330078%, Val loss: 1.9455353021621704, Val acc 17.363344192504883%
Client 0: Test acc: 21.153846740722656
Client 1: Epoch 75: Train loss: 1.946274995803833, Train acc: 25.0%, Val loss: 1.9448187351226807, Val acc 33.333335876464844%
Client 1: Test acc: 28.571430206298828
Client 1: Epoch 76: Train loss: 1.9465060234069824, Train acc: 25.0%, Val loss: 1.9448187351226807, Val acc 33.333335876464844%
Client 1: Test acc: 28.571430206298828
Client 1: Epoch 77: Train loss: 1.9459184408187866, Train acc: 25.0%, Val loss: 1.9448187351226807, Val acc 33.333335876464844%
Client 1: Test acc: 28.571430206298828
Client 2: Epoch 75: Train loss: 1.9450976848602295, Train acc: 30.952381134033203%, Val loss: 1.9453303813934326, Val acc 25.730995178222656%
Client 2: Test acc: 23.652694702148438
Client 2: Epoch 76: Train loss: 1.9447853565216064, Train acc: 30.952381134033203%, Val loss: 1.9453303813934326, Val acc 25.730995178222656%
Client 2: Test acc: 23.652694702148438
Client 2: Epoch 77: Train loss: 1.945241928100586, Train acc: 30.952381134033203%, Val loss: 1.9453303813934326, Val acc 25.730995178222656%
Client 2: Test acc: 23.652694702148438
Change in model parameters = 0.003517881501466036
Epoch 25 completed!
Client 0: Epoch 78: Train loss: 1.9452064037322998, Train acc: 22.340425491333008%, Val loss: 1.9456068277359009, Val acc 15.755626678466797%
Client 0: Test acc: 19.711538314819336
Client 0: Epoch 79: Train loss: 1.9456413984298706, Train acc: 22.340425491333008%, Val loss: 1.9456068277359009, Val acc 15.755626678466797%
Client 0: Test acc: 19.711538314819336
Client 0: Epoch 80: Train loss: 1.9454503059387207, Train acc: 22.340425491333008%, Val loss: 1.9456068277359009, Val acc 15.755626678466797%
Client 0: Test acc: 19.711538314819336
Client 1: Epoch 78: Train loss: 1.9459383487701416, Train acc: 25.0%, Val loss: 1.9450318813323975, Val acc 44.4444465637207%
Client 1: Test acc: 26.19047737121582
Client 1: Epoch 79: Train loss: 1.9460501670837402, Train acc: 25.0%, Val loss: 1.9450318813323975, Val acc 44.4444465637207%
Client 1: Test acc: 26.19047737121582
Client 1: Epoch 80: Train loss: 1.94647216796875, Train acc: 25.0%, Val loss: 1.9450318813323975, Val acc 44.4444465637207%
Client 1: Test acc: 26.19047737121582
Client 2: Epoch 78: Train loss: 1.9449281692504883, Train acc: 21.428571701049805%, Val loss: 1.945404052734375, Val acc 24.561403274536133%
Client 2: Test acc: 20.958084106445312
Client 2: Epoch 79: Train loss: 1.9449057579040527, Train acc: 21.428571701049805%, Val loss: 1.945404052734375, Val acc 24.561403274536133%
Client 2: Test acc: 20.958084106445312
Client 2: Epoch 80: Train loss: 1.945826530456543, Train acc: 21.428571701049805%, Val loss: 1.945404052734375, Val acc 24.561403274536133%
Client 2: Test acc: 20.958084106445312
Change in model parameters = 0.003043830394744873
Epoch 26 completed!
Client 0: Epoch 81: Train loss: 1.945907473564148, Train acc: 22.340425491333008%, Val loss: 1.9456689357757568, Val acc 16.07716941833496%
Client 0: Test acc: 19.070512771606445
Client 0: Epoch 82: Train loss: 1.9452930688858032, Train acc: 22.340425491333008%, Val loss: 1.9456689357757568, Val acc 16.07716941833496%
Client 0: Test acc: 19.070512771606445
Client 0: Epoch 83: Train loss: 1.9454493522644043, Train acc: 22.340425491333008%, Val loss: 1.9456689357757568, Val acc 16.07716941833496%
Client 0: Test acc: 19.070512771606445
Client 1: Epoch 81: Train loss: 1.9465612173080444, Train acc: 25.0%, Val loss: 1.9452190399169922, Val acc 27.77777862548828%
Client 1: Test acc: 19.047618865966797
Client 1: Epoch 82: Train loss: 1.9463739395141602, Train acc: 25.0%, Val loss: 1.9452190399169922, Val acc 27.77777862548828%
Client 1: Test acc: 19.047618865966797
Client 1: Epoch 83: Train loss: 1.9462852478027344, Train acc: 25.0%, Val loss: 1.9452190399169922, Val acc 27.77777862548828%
Client 1: Test acc: 19.047618865966797
Client 2: Epoch 81: Train loss: 1.945371389389038, Train acc: 21.428571701049805%, Val loss: 1.9454798698425293, Val acc 22.807016372680664%
Client 2: Test acc: 18.862276077270508
Client 2: Epoch 82: Train loss: 1.945084571838379, Train acc: 21.428571701049805%, Val loss: 1.9454798698425293, Val acc 22.807016372680664%
Client 2: Test acc: 18.862276077270508
Client 2: Epoch 83: Train loss: 1.9451978206634521, Train acc: 21.428571701049805%, Val loss: 1.9454798698425293, Val acc 22.807016372680664%
Client 2: Test acc: 18.862276077270508
Change in model parameters = 0.0026320279575884342
Epoch 27 completed!
Client 0: Epoch 84: Train loss: 1.9454588890075684, Train acc: 20.212766647338867%, Val loss: 1.9457200765609741, Val acc 16.398714065551758%
Client 0: Test acc: 17.307693481445312
Client 0: Epoch 85: Train loss: 1.945512294769287, Train acc: 20.212766647338867%, Val loss: 1.9457200765609741, Val acc 16.398714065551758%
Client 0: Test acc: 17.307693481445312
Client 0: Epoch 86: Train loss: 1.9455103874206543, Train acc: 20.212766647338867%, Val loss: 1.9457200765609741, Val acc 16.398714065551758%
Client 0: Test acc: 17.307693481445312
Client 1: Epoch 84: Train loss: 1.9465298652648926, Train acc: 25.0%, Val loss: 1.945380687713623, Val acc 22.22222328186035%
Client 1: Test acc: 11.904762268066406
Client 1: Epoch 85: Train loss: 1.9462506771087646, Train acc: 25.0%, Val loss: 1.945380687713623, Val acc 22.22222328186035%
Client 1: Test acc: 11.904762268066406
Client 1: Epoch 86: Train loss: 1.945974588394165, Train acc: 25.0%, Val loss: 1.945380687713623, Val acc 22.22222328186035%
Client 1: Test acc: 11.904762268066406
Client 2: Epoch 84: Train loss: 1.9457898139953613, Train acc: 19.047618865966797%, Val loss: 1.945554494857788, Val acc 19.29824447631836%
Client 2: Test acc: 16.766468048095703
Client 2: Epoch 85: Train loss: 1.945603370666504, Train acc: 19.047618865966797%, Val loss: 1.945554494857788, Val acc 19.29824447631836%
Client 2: Test acc: 16.766468048095703
Client 2: Epoch 86: Train loss: 1.945420503616333, Train acc: 19.047618865966797%, Val loss: 1.945554494857788, Val acc 19.29824447631836%
Client 2: Test acc: 16.766468048095703
Change in model parameters = 0.0022776597179472446
Epoch 28 completed!
Client 0: Epoch 87: Train loss: 1.9455620050430298, Train acc: 18.085105895996094%, Val loss: 1.9457594156265259, Val acc 12.540192604064941%
Client 0: Test acc: 15.705127716064453
Client 0: Epoch 88: Train loss: 1.9456778764724731, Train acc: 18.085105895996094%, Val loss: 1.9457594156265259, Val acc 12.540192604064941%
Client 0: Test acc: 15.705127716064453
Client 0: Epoch 89: Train loss: 1.9456393718719482, Train acc: 18.085105895996094%, Val loss: 1.9457594156265259, Val acc 12.540192604064941%
Client 0: Test acc: 15.705127716064453
Client 1: Epoch 87: Train loss: 1.946016550064087, Train acc: 25.0%, Val loss: 1.945513367652893, Val acc 16.666667938232422%
Client 1: Test acc: 14.285715103149414
Client 1: Epoch 88: Train loss: 1.9456666707992554, Train acc: 25.0%, Val loss: 1.945513367652893, Val acc 16.666667938232422%
Client 1: Test acc: 14.285715103149414
Client 1: Epoch 89: Train loss: 1.9460220336914062, Train acc: 25.0%, Val loss: 1.945513367652893, Val acc 16.666667938232422%
Client 1: Test acc: 14.285715103149414
Client 2: Epoch 87: Train loss: 1.945665955543518, Train acc: 16.666667938232422%, Val loss: 1.9456231594085693, Val acc 17.543859481811523%
Client 2: Test acc: 13.173653602600098
Client 2: Epoch 88: Train loss: 1.9455108642578125, Train acc: 16.666667938232422%, Val loss: 1.9456231594085693, Val acc 17.543859481811523%
Client 2: Test acc: 13.173653602600098
Client 2: Epoch 89: Train loss: 1.9453637599945068, Train acc: 16.666667938232422%, Val loss: 1.9456231594085693, Val acc 17.543859481811523%
Client 2: Test acc: 13.173653602600098
Change in model parameters = 0.0019735554233193398
Epoch 29 completed!
Client 0: Epoch 90: Train loss: 1.9457756280899048, Train acc: 12.765957832336426%, Val loss: 1.9457858800888062, Val acc 13.183279037475586%
Client 0: Test acc: 14.903846740722656
Client 0: Epoch 91: Train loss: 1.9454702138900757, Train acc: 12.765957832336426%, Val loss: 1.9457858800888062, Val acc 13.183279037475586%
Client 0: Test acc: 14.903846740722656
Client 0: Epoch 92: Train loss: 1.9457359313964844, Train acc: 12.765957832336426%, Val loss: 1.9457858800888062, Val acc 13.183279037475586%
Client 0: Test acc: 14.903846740722656
Client 1: Epoch 90: Train loss: 1.9462542533874512, Train acc: 25.0%, Val loss: 1.9456146955490112, Val acc 16.666667938232422%
Client 1: Test acc: 11.904762268066406
Client 1: Epoch 91: Train loss: 1.945877194404602, Train acc: 25.0%, Val loss: 1.9456146955490112, Val acc 16.666667938232422%
Client 1: Test acc: 11.904762268066406
Client 1: Epoch 92: Train loss: 1.9456202983856201, Train acc: 25.0%, Val loss: 1.9456146955490112, Val acc 16.666667938232422%
Client 1: Test acc: 11.904762268066406
Client 2: Epoch 90: Train loss: 1.9459081888198853, Train acc: 11.904762268066406%, Val loss: 1.9456816911697388, Val acc 15.789472579956055%
Client 2: Test acc: 10.179640769958496
Client 2: Epoch 91: Train loss: 1.9455952644348145, Train acc: 11.904762268066406%, Val loss: 1.9456816911697388, Val acc 15.789472579956055%
Client 2: Test acc: 10.179640769958496
Client 2: Epoch 92: Train loss: 1.9458829164505005, Train acc: 11.904762268066406%, Val loss: 1.9456816911697388, Val acc 15.789472579956055%
Client 2: Test acc: 10.179640769958496
Change in model parameters = 0.0017133357468992472
Epoch 30 completed!
Client 0: Epoch 93: Train loss: 1.9457732439041138, Train acc: 10.638298034667969%, Val loss: 1.9458016157150269, Val acc 15.112540245056152%
Client 0: Test acc: 15.544872283935547
Client 0: Epoch 94: Train loss: 1.9456465244293213, Train acc: 10.638298034667969%, Val loss: 1.9458016157150269, Val acc 15.112540245056152%
Client 0: Test acc: 15.544872283935547
Client 0: Epoch 95: Train loss: 1.9457899332046509, Train acc: 10.638298034667969%, Val loss: 1.9458016157150269, Val acc 15.112540245056152%
Client 0: Test acc: 15.544872283935547
Client 1: Epoch 93: Train loss: 1.9458481073379517, Train acc: 25.0%, Val loss: 1.9456850290298462, Val acc 27.77777862548828%
Client 1: Test acc: 9.523809432983398
Client 1: Epoch 94: Train loss: 1.9456229209899902, Train acc: 25.0%, Val loss: 1.9456850290298462, Val acc 27.77777862548828%
Client 1: Test acc: 9.523809432983398
Client 1: Epoch 95: Train loss: 1.945967435836792, Train acc: 25.0%, Val loss: 1.9456850290298462, Val acc 27.77777862548828%
Client 1: Test acc: 9.523809432983398
Client 2: Epoch 93: Train loss: 1.9457600116729736, Train acc: 11.904762268066406%, Val loss: 1.9457288980484009, Val acc 14.619882583618164%
Client 2: Test acc: 10.479042053222656
Client 2: Epoch 94: Train loss: 1.9457554817199707, Train acc: 11.904762268066406%, Val loss: 1.9457288980484009, Val acc 14.619882583618164%
Client 2: Test acc: 10.479042053222656
Client 2: Epoch 95: Train loss: 1.9458376169204712, Train acc: 11.904762268066406%, Val loss: 1.9457288980484009, Val acc 14.619882583618164%
Client 2: Test acc: 10.479042053222656
Change in model parameters = 0.0014930872712284327
Epoch 31 completed!
Client 0: Epoch 96: Train loss: 1.9457255601882935, Train acc: 10.638298034667969%, Val loss: 1.9458093643188477, Val acc 18.327974319458008%
Client 0: Test acc: 15.544872283935547
Client 0: Epoch 97: Train loss: 1.9458485841751099, Train acc: 10.638298034667969%, Val loss: 1.9458093643188477, Val acc 18.327974319458008%
Client 0: Test acc: 15.544872283935547
Client 0: Epoch 98: Train loss: 1.9458165168762207, Train acc: 10.638298034667969%, Val loss: 1.9458093643188477, Val acc 18.327974319458008%
Client 0: Test acc: 15.544872283935547
Client 1: Epoch 96: Train loss: 1.9458080530166626, Train acc: 0.0%, Val loss: 1.945731520652771, Val acc 33.333335876464844%
Client 1: Test acc: 11.904762268066406
Client 1: Epoch 97: Train loss: 1.945755958557129, Train acc: 0.0%, Val loss: 1.945731520652771, Val acc 33.333335876464844%
Client 1: Test acc: 11.904762268066406
Client 1: Epoch 98: Train loss: 1.945702314376831, Train acc: 0.0%, Val loss: 1.945731520652771, Val acc 33.333335876464844%
Client 1: Test acc: 11.904762268066406
Client 2: Epoch 96: Train loss: 1.9458097219467163, Train acc: 9.523809432983398%, Val loss: 1.945765495300293, Val acc 13.450291633605957%
Client 2: Test acc: 12.574850082397461
Client 2: Epoch 97: Train loss: 1.9459396600723267, Train acc: 9.523809432983398%, Val loss: 1.945765495300293, Val acc 13.450291633605957%
Client 2: Test acc: 12.574850082397461
Client 2: Epoch 98: Train loss: 1.946080207824707, Train acc: 9.523809432983398%, Val loss: 1.945765495300293, Val acc 13.450291633605957%
Client 2: Test acc: 12.574850082397461
Change in model parameters = 0.0013090269640088081
Epoch 32 completed!
Client 0: Epoch 99: Train loss: 1.9458179473876953, Train acc: 12.765957832336426%, Val loss: 1.9458123445510864, Val acc 20.578777313232422%
Client 0: Test acc: 15.705127716064453
Client 0: Epoch 100: Train loss: 1.9456197023391724, Train acc: 12.765957832336426%, Val loss: 1.9458123445510864, Val acc 20.578777313232422%
Client 0: Test acc: 15.705127716064453
Client 0: Epoch 101: Train loss: 1.9459009170532227, Train acc: 12.765957832336426%, Val loss: 1.9458123445510864, Val acc 20.578777313232422%
Client 0: Test acc: 15.705127716064453
Client 1: Epoch 99: Train loss: 1.9456377029418945, Train acc: 0.0%, Val loss: 1.9457626342773438, Val acc 33.333335876464844%
Client 1: Test acc: 9.523809432983398
Client 1: Epoch 100: Train loss: 1.945634365081787, Train acc: 0.0%, Val loss: 1.9457626342773438, Val acc 33.333335876464844%
Client 1: Test acc: 9.523809432983398
Client 1: Epoch 101: Train loss: 1.9456472396850586, Train acc: 0.0%, Val loss: 1.9457626342773438, Val acc 33.333335876464844%
Client 1: Test acc: 9.523809432983398
Client 2: Epoch 99: Train loss: 1.9459269046783447, Train acc: 9.523809432983398%, Val loss: 1.9457939863204956, Val acc 15.789472579956055%
Client 2: Test acc: 12.874251365661621
Client 2: Epoch 100: Train loss: 1.9460065364837646, Train acc: 9.523809432983398%, Val loss: 1.9457939863204956, Val acc 15.789472579956055%
Client 2: Test acc: 12.874251365661621
Client 2: Epoch 101: Train loss: 1.9455947875976562, Train acc: 9.523809432983398%, Val loss: 1.9457939863204956, Val acc 15.789472579956055%
Client 2: Test acc: 12.874251365661621
Change in model parameters = 0.001155566773377359
Epoch 33 completed!
Client 0: Epoch 102: Train loss: 1.9456878900527954, Train acc: 20.212766647338867%, Val loss: 1.9458123445510864, Val acc 20.90032196044922%
Client 0: Test acc: 16.987178802490234
Client 0: Epoch 103: Train loss: 1.9457842111587524, Train acc: 20.212766647338867%, Val loss: 1.9458123445510864, Val acc 20.90032196044922%
Client 0: Test acc: 16.987178802490234
Client 0: Epoch 104: Train loss: 1.9460163116455078, Train acc: 20.212766647338867%, Val loss: 1.9458123445510864, Val acc 20.90032196044922%
Client 0: Test acc: 16.987178802490234
Client 1: Epoch 102: Train loss: 1.9457024335861206, Train acc: 0.0%, Val loss: 1.9457874298095703, Val acc 27.77777862548828%
Client 1: Test acc: 14.285715103149414
Client 1: Epoch 103: Train loss: 1.9456126689910889, Train acc: 0.0%, Val loss: 1.9457874298095703, Val acc 27.77777862548828%
Client 1: Test acc: 14.285715103149414
Client 1: Epoch 104: Train loss: 1.9456771612167358, Train acc: 0.0%, Val loss: 1.9457874298095703, Val acc 27.77777862548828%
Client 1: Test acc: 14.285715103149414
Client 2: Epoch 102: Train loss: 1.9457753896713257, Train acc: 19.047618865966797%, Val loss: 1.9458162784576416, Val acc 19.29824447631836%
Client 2: Test acc: 14.670658111572266
Client 2: Epoch 103: Train loss: 1.9459819793701172, Train acc: 19.047618865966797%, Val loss: 1.9458162784576416, Val acc 19.29824447631836%
Client 2: Test acc: 14.670658111572266
Client 2: Epoch 104: Train loss: 1.9458308219909668, Train acc: 19.047618865966797%, Val loss: 1.9458162784576416, Val acc 19.29824447631836%
Client 2: Test acc: 14.670658111572266
Change in model parameters = 0.0010272343643009663
Epoch 34 completed!
Client 0: Epoch 105: Train loss: 1.9460474252700806, Train acc: 20.212766647338867%, Val loss: 1.945809245109558, Val acc 23.794212341308594%
Client 0: Test acc: 17.628204345703125
Client 0: Epoch 106: Train loss: 1.9458295106887817, Train acc: 20.212766647338867%, Val loss: 1.945809245109558, Val acc 23.794212341308594%
Client 0: Test acc: 17.628204345703125
Client 0: Epoch 107: Train loss: 1.9459298849105835, Train acc: 20.212766647338867%, Val loss: 1.945809245109558, Val acc 23.794212341308594%
Client 0: Test acc: 17.628204345703125
Client 1: Epoch 105: Train loss: 1.9456123113632202, Train acc: 25.0%, Val loss: 1.9458086490631104, Val acc 27.77777862548828%
Client 1: Test acc: 14.285715103149414
Client 1: Epoch 106: Train loss: 1.9456994533538818, Train acc: 25.0%, Val loss: 1.9458086490631104, Val acc 27.77777862548828%
Client 1: Test acc: 14.285715103149414
Client 1: Epoch 107: Train loss: 1.945691466331482, Train acc: 25.0%, Val loss: 1.9458086490631104, Val acc 27.77777862548828%
Client 1: Test acc: 14.285715103149414
Client 2: Epoch 105: Train loss: 1.945756435394287, Train acc: 16.666667938232422%, Val loss: 1.9458330869674683, Val acc 16.959064483642578%
Client 2: Test acc: 18.263473510742188
Client 2: Epoch 106: Train loss: 1.945737600326538, Train acc: 16.666667938232422%, Val loss: 1.9458330869674683, Val acc 16.959064483642578%
Client 2: Test acc: 18.263473510742188
Client 2: Epoch 107: Train loss: 1.9458907842636108, Train acc: 16.666667938232422%, Val loss: 1.9458330869674683, Val acc 16.959064483642578%
Client 2: Test acc: 18.263473510742188
Change in model parameters = 0.0009210382122546434
Epoch 35 completed!
Client 0: Epoch 108: Train loss: 1.9457707405090332, Train acc: 22.340425491333008%, Val loss: 1.9458026885986328, Val acc 24.437299728393555%
Client 0: Test acc: 18.429487228393555
Client 0: Epoch 109: Train loss: 1.9456442594528198, Train acc: 22.340425491333008%, Val loss: 1.9458026885986328, Val acc 24.437299728393555%
Client 0: Test acc: 18.429487228393555
Client 0: Epoch 110: Train loss: 1.9457682371139526, Train acc: 22.340425491333008%, Val loss: 1.9458026885986328, Val acc 24.437299728393555%
Client 0: Test acc: 18.429487228393555
Client 1: Epoch 108: Train loss: 1.945594310760498, Train acc: 25.0%, Val loss: 1.9458242654800415, Val acc 22.22222328186035%
Client 1: Test acc: 21.428571701049805
Client 1: Epoch 109: Train loss: 1.9457136392593384, Train acc: 25.0%, Val loss: 1.9458242654800415, Val acc 22.22222328186035%
Client 1: Test acc: 21.428571701049805
Client 1: Epoch 110: Train loss: 1.945738673210144, Train acc: 25.0%, Val loss: 1.9458242654800415, Val acc 22.22222328186035%
Client 1: Test acc: 21.428571701049805
Client 2: Epoch 108: Train loss: 1.945760726928711, Train acc: 23.809524536132812%, Val loss: 1.9458427429199219, Val acc 18.12865447998047%
Client 2: Test acc: 18.862276077270508
Client 2: Epoch 109: Train loss: 1.945845603942871, Train acc: 23.809524536132812%, Val loss: 1.9458427429199219, Val acc 18.12865447998047%
Client 2: Test acc: 18.862276077270508
Client 2: Epoch 110: Train loss: 1.9457504749298096, Train acc: 23.809524536132812%, Val loss: 1.9458427429199219, Val acc 18.12865447998047%
Client 2: Test acc: 18.862276077270508
Change in model parameters = 0.0008353081066161394
Epoch 36 completed!
Client 0: Epoch 111: Train loss: 1.9458637237548828, Train acc: 23.404254913330078%, Val loss: 1.9457932710647583, Val acc 21.864952087402344%
Client 0: Test acc: 18.910255432128906
Client 0: Epoch 112: Train loss: 1.9459257125854492, Train acc: 23.404254913330078%, Val loss: 1.9457932710647583, Val acc 21.864952087402344%
Client 0: Test acc: 18.910255432128906
Client 0: Epoch 113: Train loss: 1.9457074403762817, Train acc: 23.404254913330078%, Val loss: 1.9457932710647583, Val acc 21.864952087402344%
Client 0: Test acc: 18.910255432128906
Client 1: Epoch 111: Train loss: 1.9458003044128418, Train acc: 25.0%, Val loss: 1.94582998752594, Val acc 22.22222328186035%
Client 1: Test acc: 19.047618865966797
Client 1: Epoch 112: Train loss: 1.9456613063812256, Train acc: 25.0%, Val loss: 1.94582998752594, Val acc 22.22222328186035%
Client 1: Test acc: 19.047618865966797
Client 1: Epoch 113: Train loss: 1.9455591440200806, Train acc: 25.0%, Val loss: 1.94582998752594, Val acc 22.22222328186035%
Client 1: Test acc: 19.047618865966797
Client 2: Epoch 111: Train loss: 1.9459006786346436, Train acc: 21.428571701049805%, Val loss: 1.9458445310592651, Val acc 15.789472579956055%
Client 2: Test acc: 19.760478973388672
Client 2: Epoch 112: Train loss: 1.9457532167434692, Train acc: 21.428571701049805%, Val loss: 1.9458445310592651, Val acc 15.789472579956055%
Client 2: Test acc: 19.760478973388672
Client 2: Epoch 113: Train loss: 1.9456924200057983, Train acc: 21.428571701049805%, Val loss: 1.9458445310592651, Val acc 15.789472579956055%
Client 2: Test acc: 19.760478973388672
Change in model parameters = 0.0007670406484976411
Epoch 37 completed!
Client 0: Epoch 114: Train loss: 1.9458307027816772, Train acc: 22.340425491333008%, Val loss: 1.9457813501358032, Val acc 24.437299728393555%
Client 0: Test acc: 18.75
Client 0: Epoch 115: Train loss: 1.9457608461380005, Train acc: 22.340425491333008%, Val loss: 1.9457813501358032, Val acc 24.437299728393555%
Client 0: Test acc: 18.75
Client 0: Epoch 116: Train loss: 1.9456719160079956, Train acc: 22.340425491333008%, Val loss: 1.9457813501358032, Val acc 24.437299728393555%
Client 0: Test acc: 18.75
Client 1: Epoch 114: Train loss: 1.9456756114959717, Train acc: 50.0%, Val loss: 1.945823073387146, Val acc 27.77777862548828%
Client 1: Test acc: 21.428571701049805
Client 1: Epoch 115: Train loss: 1.9458986520767212, Train acc: 50.0%, Val loss: 1.945823073387146, Val acc 27.77777862548828%
Client 1: Test acc: 21.428571701049805
Client 1: Epoch 116: Train loss: 1.9457719326019287, Train acc: 50.0%, Val loss: 1.945823073387146, Val acc 27.77777862548828%
Client 1: Test acc: 21.428571701049805
Client 2: Epoch 114: Train loss: 1.946049451828003, Train acc: 23.809524536132812%, Val loss: 1.945838451385498, Val acc 14.035087585449219%
Client 2: Test acc: 18.56287384033203
Client 2: Epoch 115: Train loss: 1.945798635482788, Train acc: 23.809524536132812%, Val loss: 1.945838451385498, Val acc 14.035087585449219%
Client 2: Test acc: 18.56287384033203
Client 2: Epoch 116: Train loss: 1.9454553127288818, Train acc: 23.809524536132812%, Val loss: 1.945838451385498, Val acc 14.035087585449219%
Client 2: Test acc: 18.56287384033203
Change in model parameters = 0.0007120671798475087
Epoch 38 completed!
Client 0: Epoch 117: Train loss: 1.945866346359253, Train acc: 25.53191566467285%, Val loss: 1.945770502090454, Val acc 20.90032196044922%
Client 0: Test acc: 17.46794891357422
Client 0: Epoch 118: Train loss: 1.9456393718719482, Train acc: 25.53191566467285%, Val loss: 1.945770502090454, Val acc 20.90032196044922%
Client 0: Test acc: 17.46794891357422
Client 0: Epoch 119: Train loss: 1.945723533630371, Train acc: 25.53191566467285%, Val loss: 1.945770502090454, Val acc 20.90032196044922%
Client 0: Test acc: 17.46794891357422
Client 1: Epoch 117: Train loss: 1.9458798170089722, Train acc: 25.0%, Val loss: 1.9458051919937134, Val acc 27.77777862548828%
Client 1: Test acc: 30.952381134033203
Client 1: Epoch 118: Train loss: 1.9457528591156006, Train acc: 25.0%, Val loss: 1.9458051919937134, Val acc 27.77777862548828%
Client 1: Test acc: 30.952381134033203
Client 1: Epoch 119: Train loss: 1.9457110166549683, Train acc: 25.0%, Val loss: 1.9458051919937134, Val acc 27.77777862548828%
Client 1: Test acc: 30.952381134033203
Client 2: Epoch 117: Train loss: 1.945748209953308, Train acc: 19.047618865966797%, Val loss: 1.9458272457122803, Val acc 14.035087585449219%
Client 2: Test acc: 19.461076736450195
Client 2: Epoch 118: Train loss: 1.9457660913467407, Train acc: 19.047618865966797%, Val loss: 1.9458272457122803, Val acc 14.035087585449219%
Client 2: Test acc: 19.461076736450195
Client 2: Epoch 119: Train loss: 1.9457404613494873, Train acc: 19.047618865966797%, Val loss: 1.9458272457122803, Val acc 14.035087585449219%
Client 2: Test acc: 19.461076736450195
Change in model parameters = 0.0006673118914477527
Epoch 39 completed!
Training completed!
